Наименование функции: hello_world
Дата и время вызова функции: 2023-02-27 22:33:47.575571
Аргументы функции: () и {}
Возвращаемое значение: Hello World
Наименование функции: summator
Дата и время вызова функции: 2023-02-27 22:33:47.577571
Аргументы функции: (2, 2) и {}
Возвращаемое значение: 4
Наименование функции: div
Дата и время вызова функции: 2023-02-27 22:33:47.578572
Аргументы функции: (6, 2) и {}
Возвращаемое значение: 3.0
Наименование функции: summator
Дата и время вызова функции: 2023-02-27 22:33:47.578572
Аргументы функции: (4.3,) и {'b': 2.2}
Возвращаемое значение: 6.5
Наименование функции: summator
Дата и время вызова функции: 2023-02-27 22:33:47.588127
Аргументы функции: () и {'a': 0, 'b': 0}
Возвращаемое значение: 0
